<?xml version="1.0" encoding="UTF-8"?>
<!-- Generated by org.testng.reporters.JUnitReportReporter -->
<testsuite name="testCases.TC001" tests="1" time="5.272" ignored="0" failures="0" timestamp="19 Feb 2018 21:17:41 GMT" skipped="0" hostname="Dharams-iMac.local" errors="0">
  <testcase name="tC1" time="5.272" classname="testCases.TC001"/>
</testsuite> <!-- testCases.TC001 -->
